INFO:root:Encrypted Output: b'gAAAAABkGHbwGe5TWXvtSmwJD7TSplHpamr7OWxU2jD958Dm2U0Eh0szP7OipsAkBG8dk3lxY0C9mYM8ezN5epCTPBwUlMZ7-_FTZr5OAgmld-J2W-pKB_S0JqwsikPqMmJxNrPu4ya4J6yyEj-RsiChX035ShDteYW4OwY7rOZnfKVuKZLU2YI='
INFO:root:Encrypted Output: b'gAAAAABkGHbwyODNMiOnJHOmIbe4x08TI-1ScInbA4RTyA-LmPBxPcQfszY39GPPMU3ygryizUOe7uvM0Hzm46OHMKU-PG-RyUCxwZysj8zs5S8arYELkV7cjS-o9U4UBItHf-Z-7sZIxxXckudI6Wmk5mrbAEIq8Ra4v4vFryLGeKLSaLxSSKc='
INFO:root:Encrypted Output: b'gAAAAABkGHb5LZ6F756FMcTWldw2emgw0OIOMfEApaRdXU7rTroyciCG4dTbVRRAQyBMV8h5K4O-7f3NMEmf8izXzsR1wYfS0zedJjHJvPF0sCwQXfcCM6IFEZeobDHpLMEOLeZz_JKrkAHzJtP7-lmardvQhoplzaF6Ovp2stLeXE662dCJMyk='
ERROR:Comm:No such comm target registered: jupyter.widget.control
WARNING:Comm:No such comm: 02b91cef-10ea-4c35-a2b9-ca0097666763
ERROR:Comm:No such comm target registered: jupyter.widget.control
WARNING:Comm:No such comm: cf3f7295-25e9-49c3-af16-8ee99194ebd3
ERROR:Comm:No such comm target registered: jupyter.widget.control
WARNING:Comm:No such comm: f11c9d5b-d444-477e-9d2e-d2f376292845
INFO:root:Encrypted Output: b'gAAAAABkGHnVcv84AwBnpD-oK7GWWSPyistFl-WgJbKwzrq0PUS6PGuLU1iOC76pPegiVUWtNALGqmsALey8vnm90c7QToLPbW69k7H0SoF-OXpTQDqxI6uONqRVaEi51EFekU8lgQCRBfZRakzsKs3JmRbHOaBNdF3HSZRJLceR-4dc04FumHI='
INFO:root:Encrypted Output: b'gAAAAABkGHnV0Lgd81Nv6Ijfgq_G015-8UCUE-3mJLIazL_7yAMYiowc7ibupnfci3pIRPw8OFJF8tSqFZZr0fIxupEnkd-4wZ2wJ2CgQG7VofA5e8VOEWXTcmDydCc00EBMu5AXQtGWWzDc03lHzrGXh_r_wp6CrA=='
INFO:root:Encrypted Output: b'gAAAAABkGHnVek08thwgiFNpsfauxdwEKydu014VweRJPEE3-PXthVh2skYl6Y1oTZe90ioA-P3D5fkSjlSku60gtfdFu_re_D8QRfFD7ImVaO-l7hXt2nCl7Xfbb9vGJ51Z68vcBKQCO3FrSEpu7SG1RD5ddqdGYgI1GL8402km0qbxPwCFM_A='
INFO:root:Encrypted Output: b'gAAAAABkGHnV5m0TPBiLZudPlF_eCvEQJGiwLOy4RdE9Oi3O2bbDHHGwRM5PFuZDeBBIABOkrkZ1Yjjfz5crAVy6H-6tk9HyBhlHlJkpjIM75GQ0A-xqDijpJ1UHFLLuTvXxPRKATmgWU3GN7IapEl5-KUgxTVih6w=='
INFO:root:Encrypted Output: b'gAAAAABkGHnV1NKcxOxGvzDb-yuGayTqMu8vXM1QDSIm_B8aacCrlQI6ZR7HEw7299o7LMThs1SEZrY3EU08D8njkFitoADPh8AOS0BRYHIpI8BTlUt4v8AfrZ7OxR0L0-qQbC3lW1TyMBmETQOC6on8otORTY2up71t7r-a5INvXQj9dCBTIto='
INFO:root:Encrypted Output: b'gAAAAABkGHnV-0aqcFSwYXsdZNOKdr4fL03iViaFZP0XnkldjG9OgrsHpPS_E4qTxbaRd78K3YlePIwuzjRh-ohIGZkolrBalxPj4BPubkQNhuxIOTM6pjYuJ_J5nyFpGPlB01z9J6F86f1MslLvYZ8gnlrByfIVMA=='
INFO:root:Encrypted Output: b'gAAAAABkGHnVZlhGSpJEFSwR_4Zoy9FNvEyiz-lyWjZ_CqMuBHEsYRqQzcdktc4Jje-DaZw04vF8QhuKGnYYtaPY62ogDA6s1KxGuUN4tRPBln6PwvpjlJukXf4UEAK85gjWQWCaecqAHGV94oRs0AWVXL9P_NJxc9tx2c9QNiw3EhG6nTvfmDw='
ERROR:Comm:No such comm target registered: jupyter.widget.control
WARNING:Comm:No such comm: 8def7f60-f8ec-497a-a414-02add444ddd6
ERROR:Comm:No such comm target registered: jupyter.widget.control
WARNING:Comm:No such comm: cf00a8d9-a2a9-4cd9-a774-653294d4bb6f
INFO:root:Encrypted Output: b'gAAAAABkGHtulqDl0OJTbG5-3SYuQk0f0hCkwE73fjvNdvyHl5R0aGn6DQo68Y8axSZbFq_8huB6pc36PBp9DlqWihjZZa2PAYnIhbvl0m7mxCkRg_Xg9ROU9AkDRwOJNZEoXeM4l3yC9duusZSCwg4djAcNaIfh7AIGyX34XrgZGiBT1Qvw-VY='
INFO:root:Encrypted Output: b'gAAAAABkGHtudqjn9asL-n_y60_u3s8okXt-rwHBNLI3N5FNrqdwUvcwrM4OXEIE0BDim5AbATS9HyTeydMKz4DbGA8_ga_P53jXl4Im6xPbTNiA8f3NhvFWDDoIfNQExCHsqlYdm8Xa7vCqmU3TxLtRerVK_NgCgXuL7UZDYLOwn1FjtvDUiSvuGNdo_ZYiCDXwP3oTEYS-'
INFO:root:Encrypted Output: b'gAAAAABkGHtungKX6n4rLd2qS667z8T3_2WSIVcXx1Z1q2n5VZcYHrpcu3Def4UhCmJJZk_HZBUYPsPfQUdmXnw_HSPSbbAToqT7eiK0sx-Pl3T8b620Vf275WAn1BMscQvOKwgA8Ejy4Kvm1mY8B2XX9Y-v8lJsEw=='
ERROR:Comm:No such comm target registered: jupyter.widget.control
WARNING:Comm:No such comm: 3ee0e6cd-94ac-4f9c-b1e8-7b0db24bd206
INFO:root:Encrypted Output: b'gAAAAABkGHylKdwQA8N7pZm6eIRu5-g3EcK2ct2QP6xmFvlnBH9cPXw0bdXuWaccU408INKPZZA1AZ4LL6-uWUH_hicTOAG1MDKprYVwL9h3fq7Z4XTQo34fN_G209wycT0ovY7exmb_EPaVJXRtKM-8uSPFJfnYsg=='
INFO:root:Encrypted Output: b'gAAAAABkGHylbyMIFGvGc8q_FJDSf37q39QA97TgMXAWm5Vs4EOd2dFZaeZSNWMymZxwTy_r2kLpxg301dSZ0-8ONzG5r2UWaokL2UBtVZGpHUT3TG1jCOKpv43TRvSttpVtMUSZ-4KmPFo9pkc-_uJthlllK1C7w8b0j0yUQBkdzyEzLnLHAFU='
INFO:root:Encrypted Output: b'gAAAAABkGH04m7xtUJTi3NJ7xY1r52SBsVQ27C6tlNvY7WO-8tuRaDfqjFpL8EPBf1ZiF_cBpC9WWehD0vKjaCZ136MVPv71qWq9GvdDNg9bWm-b-3f_5ccmV6KJOX2H6N2A6oiiFrN1JezMrAseX1L_levTkDierg=='
INFO:root:Encrypted Output: b'gAAAAABkGH04U8xkgNmEnguCG8ecqpiSWkzAX_L8D8MGJDQQSgAtXnJn5iMzR92qDB2PPWj44J_w3VVxZV1oCDl-8HTY4Aq4ukk1Il39KzcBntdKUNKOjvkrd9bmYbOQZ7IgqnhuM-NyQpu84ZUPta2b9qDqI12MbhYs9nT3HLqrDI5YooErQ7o='
INFO:root:Encrypted Output: b'gAAAAABkGH04apsDGqgH5LdlNVqiqC8nJqvuM2-sPVLBq00dloWudJQM8a_KS0uYy3HSqTUKiNbjjperrl1UsJb3KiuZRk6a3DP3W8lvO6jO6kslMBWnns_yDXejq4o9ZjPFX2yAdhODvjT8j8PTzL072LD7KwjLQA=='
INFO:root:Encrypted Output: b'gAAAAABkGH04yzop-C35aQaaEZr1VEqIlNJWLcOXsFdK7kV9irgykd_TnpCARFURFok_epB6NS8l0wxxnioZadIb1XudegIckZ08lHE38CB128TmEOco6BW-mCeroO9nohsyJcyXqeurB-OEKPMn6c1N78GnDRPaflXwZDY-67CFgqLFVT9JXL8='
INFO:root:Encrypted Output: b'gAAAAABkGH1Ru5NOe54hREVKKmBvmKMdFgxrnMTLo5ZKv6IbdA6xTrnIr1-tsvx3uAp5BOsa9oUNxejl_AclTMT2wuAX-kzKUqgZUKmZzEVgRhAkGeYM2WwWGLlG0_OPXz-yfteU0KGExg1nYh8sAfN1FZ7EThf_-g=='
INFO:root:Encrypted Output: b'gAAAAABkGH1RxWYVw4954GfBcy7URBslUZnWKF4y8ahgG8T5geY5OX1BZ2OhGvt3_7XvEr73EtzmXovhJhyNacm-rAYUDE0qYiojx_lCivkk1WRt37RN_Df6YE0uGUGBDN9-tfDDsLd2j9kEsRj2iCeUr8Seso34JZTYxxarCwN6HP7lYRyIcNs='
INFO:root:Encrypted Output: b'gAAAAABkGH1Rc9eOrYyq1f5FsRUXhLGaaNvdTp7UaVCDLAIEdup-KiWJZpJkzzTMsOE9IJMSm1jX9Cjlr9WWDfgaiBnjPuxQjR2o_2FGqrJ0otx0IYukRkg4P2VVJmNWhRQ5MBu_HmrtgQjqNk0cAQa1SOwXD_A0XQ=='
INFO:root:Encrypted Output: b'gAAAAABkGH1Rpd-_FTEORqiEZxaQ9BYvJu74_3bk6PzK1tZc8sYW4RfwSkCzlylxbYN7KiTD4oH43ANnD9tQ5RLdCL61CPh1NWLarDLCwv9ppFvW-kNz1aVn6UjMKPJPvmTtlFPGd0ndlYYYiSf5pJPJLv7ViJQcp0-Kkew6SnwFYbagGghWTME='
ERROR:Comm:No such comm target registered: jupyter.widget.control
WARNING:Comm:No such comm: 32c35e3a-2c88-48d1-8470-94b64dd3b570
INFO:matplotlib.font_manager:generated new fontManager
INFO:root:Encrypted Output: b'gAAAAABkGH5eeR8FYUi0pWMI-FO8R0w8JCCqWE1GC-bu8FzMPaV4jeL7A7OcoCntFK_iw9GdD6Rl-0jv-6IMBHaFoqPQdVoi9AfWnz2H6RBclKXxphI9RYaXHRFoudF6gG9VYVjPxiHsFydo86n_qOtPRucGEssCDwASkvtTaj1F5svNgiwqS9s='
INFO:root:Encrypted Output: b'gAAAAABkGH5eJBndMF_RVTcxAZy_McDTE3JUapTGfBL6MbF_fArKlB-IGKI9NiT0ZiQokS_2bXRISphEbL3_z-cdqdps0A499_VD8Oy2273eDH3CU3MT4ZLrBIkxAjojOhYiwMPD8PWTv7e5xnZ-PcV61aSdBQA1FA=='
INFO:root:Encrypted Output: b'gAAAAABkGH5e1dhQwcmPBFB7px_M8uyaCv0uBaNkCVQ57wOcRlL1AMFpVkSy40MM8lw4X3RM8LhLs4SiliiUasgQJUNXMTSFAEVtd25QTAl_SYEpV2Hi67wdZ9LWut5WqzIq0p9Fpt0trXAHeTdrWT6CYLD221CaChIDwWIc94oJi4z0YiM75iI='
INFO:root:Encrypted Output: b'gAAAAABkGH5eMZa_Q31I7X4d8nFdEX9nPkOB15FJDhqX_1j6LEK4RhvJkvS3zbk-il9knST-cdQd5sK2zoH_YlCb29wwS1AdPuj4RKC_D9OrJ9mIBBFJp3Zpkbq-7LTx98T5dtSzG4nGELA8Iu20Spedyt_34byGXLRMN-o5DJsAdQH5yeTHS5I='
INFO:root:Encrypted Output: b'gAAAAABkGH5e7n54rp3nOeRMk9ub2HBJX8rw3dE-nbLUaJigXuYYM8csYV_QIiQooZoKYAL4BKo0G6xXp-wdJ5ay9WJ1M200y8B61OYUltZE5r1mmuxluf6v020C_-ufVueEyyxFYmX0x6afEl5mduGxmtQpo9kBucglW3m-4cgtj3pcB6z6xCZNmvfxu97iK_ZPOzt8hdtDZKCqocEozOWYEMFmmoZflg=='
INFO:root:Encrypted Output: b'gAAAAABkGH58JPhMFUgXPFZ8XIMSZz7xm7tZKrkCBqdjDPs_fvWyLtGxh5I4qIUMrlxcQhbMicnpbJIcIqVfnxso_hvqHG2ALiDLLW7tQd7yp8W9gsFRia-t7HiACr0ZXAG_pPs0Br1RTRYBjdO_QO4zbskM_aK86WFyuvfNFcz3bPatT1d-2fg='
INFO:root:Encrypted Output: b'gAAAAABkGH58Vl6pp6-0BU4QP4BErYJ4KdhZ7sWnOfQrkc5r13Lc_AJ46PYdjepwSC1pRa2Oo-iEggH432RB4t_Czil-CUFQmi_4vLNUirFId4D8FD9qVbSvljyIgSMnajBTAV4Qn47r35dwj6ZYWdlL_pwbiRmn3Q=='
INFO:root:Encrypted Output: b'gAAAAABkGH58b5VfwliUrgmv4A2-0I0ZSQLIjJFdXw4YS2S5F1E6Jg45-hqidpsHjjNDQkEPjqJtVnuVyCVesv_UCJmWR_EOlRo9ErogPJvmZr0yYUAp12RCeIvjIDvxk3aCw0nKZI7GTdxW0fP8_m9nl08v5npxxcUJOKphnyBmUgifoNQXlo4='
INFO:root:Encrypted Output: b'gAAAAABkGH58s6X0hxnC8qMEWkiqduqMlwzltbo35LmeF0WgGp0qadoLQwHeUjS4M8RT5shFqNZhxgENn5Pb0ssfj3JsJESh2YNuvB9onX3Be1FUFqcdK08U8oNJN2gBunN7BQv52REcjSZ-suo9Tmh9mcqTk1PrlMYw2hZDzL7msqfWg2XtZ0s='
INFO:root:Encrypted Output: b'gAAAAABkGH58P2fazNsf59bW9u_AutOO2DX_czd0NMRbMoIskKijw7EQjJN6Pw0U8-stgOUU80qPCJTZpMdQMF1-UdftLRYdJE3tqvhUrBW3ZHIylF9jXDjremRCssbMVP9TgChfhCv6QXicGp05JKjVLA2t54a35nliszTlL7LnV2cQ44thXTK_kOx7MmUV10UMX3zn1N-nf9ww0YQCjgEPa4FYNGQHhw=='
INFO:root:Encrypted Output: b'gAAAAABkGH5_Xwc4A0I6ULJ6oAwP6mmo1OArXHNGwwWeODhnRcf98mIky_086ALTzv3S_r-SD6M2IJyKGON6A3bTA3EXjSGHn3pHpA8twNWrbYnisMVWPF3utuJkxZnkSbiT7KK3Tuvl4PcmIijbhA83UtuaEEdeittMqtP_CYaFQMEA_p_1Jwk='
INFO:root:Encrypted Output: b'gAAAAABkGH5_bEQ_jDPTHOtB6DHtdBoCpTV_Is5CrzH_u3TGTQBKlU-koUtbOawEpQk5RbpAVDHQomaLRz4GEXdAEdGchN0V6ed5UlWk8D5yN9HZ2ObaPolVoAA7LWwxa517smW3JMvrbDqHHQTH3m_pM-rong0lBw=='
INFO:root:Encrypted Output: b'gAAAAABkGH5_6yb62tVpUV5mqP5_Q-22jhIgc1usZ8vjrRHsCaWNpkhF2s05YuOP7rvh4b74FxVUOE1H_VoB9zTuiuOaGDR8XrVueGPQ0TMZmpikn0uBTQbSqULAa2msLIpFDMuROOVKi-Fuhy70oqNS0YVk2-3WcLl3lLpr5xuDmMiVGWB5Ans='
INFO:root:Encrypted Output: b'gAAAAABkGH5_eURSq7iAbpoJFa9R1MPPt4SNoljQmk230Qt3vz7WMdVS_sagMYnaNI8Zs7crAgKZsoqXEOoI-EFufbGA9xNFd6EfoTZ14lxLKRXBbyt8P6hY9GFTZw5ohoq5crAc91wMZKPMRjzoDtj1wS50x3pt8r09LTvta8e61YBqoo-xHKk='
INFO:root:Encrypted Output: b'gAAAAABkGH5_yxF5Fs1dxeBU47t0vQR4SynvVchej63InNTQe3chjLQtURdjpH0pCIrwL8UJAUpouH2NSe2EE8RmqvQayLhLIVehPJb97r6GFG1lGR60iXIB8_5hSWCPo975qn5uZ6eRuxMCOMAhKOWf-xk7hZY3gxxFQLkJrf7tyPpI1PnzPYIBmxDpC3CfCrBBbojRFyW9H_dvX5vukSs-GUrvE8qWjg=='
INFO:root:Encrypted Output: b'gAAAAABkGH6SFUhup6RZb_-dlUCKZQZ862aIl0HofQcl2awzpxQIvBwvm0wvn8GB1g_hQLfO0kHcMBBDJPh9dxUkhhDJmm3lNroZ7uvBvRiYW7vhVIA2YOdz83TXp_RJGuxS034J1s5X087JmSkJ4et58inoIoTN7xdR31Wa_eTj25CbFPal-_g='
INFO:root:Encrypted Output: b'gAAAAABkGH6SZ-8MpGyDMoIHnaOahc0svHZfilSaTq_6GXn_8ueLbv9MaGHwFCJjR9QSoOOx93kBf6p64W4mHGlpAbiu9kn6GTfAGp5zXQMYxv9inAx5lafd1EH_W9Lg1tUgAkh3mTUKQ09A8wDX_8owIDCM6ArPVw=='
INFO:root:Encrypted Output: b'gAAAAABkGH6Swojr1T4iHmu1M2jNiqqqGsfRbiv1qJyu17iXwWs9Z4-E4c9BuTWD8Jjn64rLm4LtW9fBhWecjsQRo5GDuiRnHqeMIG7eP2ZnfQtEDCMhSx__GU_2bCXOYzYQuWPEJdb9EZgQThncTOWqdPIc3oEAnqGfVpTwULspSVr1biZf0MY='
INFO:root:Encrypted Output: b'gAAAAABkGH6SBdowGjxpOGfzq-G2r7sboDQ_WOCejdXuaalGUa16Slnsg37JbXW1fLcKA-QhNroq7h2JTztszEB1TpsybV7Sl4ZuBTZfN3yATjWe-I_vy5Nd2eClIAdeG19SMC4Ud6RerWlKMjvdshxLPbNVCX8ZiRze52p3080x9a5bLryd3_o='
INFO:root:Encrypted Output: b'gAAAAABkGH6S2uhUPJWncD3BrB5SIYSwoWbGSZR6qtQvnCS4qiJkbQ5N_x6VghmnZVYbavKzkAtiLmekFKJ6-sTykNx3g-w9QeHHzJOqHTdew3NtLmB2_blwIiDePqP5EAhX6rCgJ4uDjTYWA-KZrm6cSFKzPiP0sVrRsFgE9wGXNfjMkQnoEvgkL5uELYpbU-t_o3bhrffC5U84mV4hQuPl_H_qYe98Qw=='
INFO:root:Encrypted Output: b'gAAAAABkGH6yHOQAkIdZsPH8UKEMok-XlST95l7MYAQ4mnERdqxllkUCStBjFsBS9bEL4MThSpjrr4J1sQBHV4dxevn9agtZV9s8KtaCqzjLaYB1YVtNVigq5zJZD1vneMUqTa0RN0B6s3qcYXsbZAyDooLn3mlgkQ=='
INFO:root:Encrypted Output: b'gAAAAABkGH6yqO2Fw7QeM0gR-3cQhLmmeXQrofwPlvVMd0-TY2J9XWO1mKXV27MYYhkxrrurM54GxqzpphBZlIqZqbLnyNjGOoNTdmduIkNN96k1HOkGfmnZTqbhgAaug4oCYbPxWNv-5R79_MLQNmlQdk3F3pTq1tM_O9wMcXTL3XVq6F_q3Z4='
INFO:root:Encrypted Output: b'gAAAAABkGH6y09oUBB95gn1AMx4oKNqtHr6glRNGmxDaReb0s73YG4vz4J34mXzBeGZHSEuAVDp9P1nzxKG4PTjKr7nF4guIBWQ051CBvM4Iws0VhmCk6TnGWqtFbuaZ2B1S5SmFxAp3zFQ77mxvjARcHxyGjhNKhw=='
INFO:root:Encrypted Output: b'gAAAAABkGH6y4md8qUCiZbY1wvhZBUMgzciJ25REJHk9SfrGPfxTeycNd6Yesyqso3ZA6xqs4Z0UISkRtbS53-CEEjN2tkBXZQZVn9ZUuCXSvwQhPftRjsZZrDVOR3ncU7oHWlanYzd0QNzBcHZYVTyLb0P_mGhi4UrSFC4QQGQS0IrJL9TzgRo='
ERROR:Comm:No such comm target registered: jupyter.widget.control
WARNING:Comm:No such comm: 9f106b42-f85d-4b84-9818-e566e74d078a
ERROR:Comm:No such comm target registered: jupyter.widget.control
WARNING:Comm:No such comm: c33d0075-205d-405d-af7f-0dc5c27e152e
INFO:root:Encrypted Output: b'gAAAAABkGH-qWoykE7U78XlbUdzJRwNH2ZuGQihqifLYwN4-hguGtI7xfZJDYsgQHrxv7o7AZgJKRYzuDkVPoiTL6JBHGK83bIAH3mdpUGwYtcu56rUgpuNK-4GgsjiKYVjfI_uN3tU1SDpt9NLAVasDbnj7OyJPspNNUpJQCmRDnHUZoc1gAac='
INFO:root:Encrypted Output: b'gAAAAABkGH-q7HFNX2PjQPMYwQc-GST4aAncasnmFd3PfkAOwtgO1p-3aVO3OYJtlrs4oDJ6LV0CzOjJQSTFxSKYWsif4my6se6XpJO4KuQN3zPUBx6ZsYx-OB5fVXv_218AcqcZJ8YGNv7NfpNqdzqyLOX4YOp8smsEjr5ijQHzab-sgtE7A6bAbHyBEdmKjAO1JXz2zZr1'
INFO:root:Encrypted Output: b'gAAAAABkGH-qLQA1AyhGC9l9RlmrioVaZCsaudPdcM7cazf_ZtotMFIJGSSzu-Lye3hVmFm1FzylsZVWGCLTZ208VdNZV7Z_X1ZMqo1aWRtF4h1Fiv8DGkSJe3d4MYCCNLpMa9ZkztVvV1eucFG4AgoODpZkiRvvMQ=='
INFO:root:Encrypted Output: b'gAAAAABkGH-1_0e7cwxchcq6jF1UzgD1oS5-qdLRdwEbkHUM0RohmlxtqQ9j_hW-rglAW2VkQkmMSaOXrYkBsmsJbjfV521tS8K51omXYdkEV3crGksv3xQJ_YRbp7Do3N1LiTfs7on-0aWTQ0tXw1dKS7elDqCVSW3GcjIHU7DB57BalCt2hD8='
INFO:root:Encrypted Output: b'gAAAAABkGH-1xMO69RtwbENNtiky081s7IC_BjSACGkZCZATvhoWuLSPQ6V4v7okBwM8GyZX4pKUV_OuCAuPpM40T27nXeoQ0INJfHIOVvl7V3z22w3aF_79l-8yVWkjwNjQwDP1RZqA8wOo7ZJGDv2DJpk52EfpfjjG4mCy360Y_lUnvRrPrRqYMwDmO_KZzTgB1cQbxWUY'
INFO:root:Encrypted Output: b'gAAAAABkGH-19D2cKvRYRbKNAdrnU1b8EtajxGwNrUKwdzlsGuY6TMoKTrpuqvV9JVDD9t4fKeO-OvV74-6Rz82_0Vr5RsdOQaoNwG3O5ChzPA4cjiHBPGi6WbBpvGGCOVvR3vh6ckuQAaCLVPDSqKOMWgxmSvxLfQ=='
INFO:root:Encrypted Output: b'gAAAAABkGH-7oAw1knlXm3MrNyrRI6obc16jLPVIeJKv4B3ZU0ab2zkGHo7TtxiHsV41EumVRGlPXGTuR2ITEcASd3rlP9rEO2skqH9CgGMJk4H0w32cCqShI42ehaGrF44E42_NP2xQcPTJJyheTs8T2Nx4Hx_qljCPczGHCchHDiGOTrfjfiE='
INFO:root:Encrypted Output: b'gAAAAABkGH-7seDQ-mhB5tvO2KCv8QAOJWJeslzwSxje7Nhd5BNUg0fNaml4R5kbijPV_TteZ7ZsxGgNQUk88ycQwUR4RpWsH_u_JwZJxOcDGyJ12C3XNA5EAQO_wUaBRuTa-JBDZbJb8TpFFHVDa3_pf3FtkbkXiFFiZnEqL1PbOi2tIobom7hN-Jm6erRESX_Jn3STZ00G'
INFO:root:Encrypted Output: b'gAAAAABkGH-78L15sm4p9yfaPEf80thW4TwARoJpDHpFu_Q9JAcgf-DQ9LGPAnBonNDxgbE3moMoYlquSwKI4kYzLDaCwYVw13sCqDGpxtw07h4cVPHJ12-qUr0Ta448jHWpjAClRYwvnCzu5ZvHzjngGsHD7aQ9Hw=='
INFO:root:Encrypted Output: b'gAAAAABkGH_Qh_4ZDmsAqc0Yh8PStcuQHMM2sESZ9u62Hi-q3YOD73Vgter9elqrFQ1wgOe6v_5vES0hp7LJcdVRO-uWRg4dew97-aOtafUpfLk57pFa4KSvzAZiIDOnQbhhOEVoUJWJhMkPq98koODgpOkgCm7OuzO5720qkml_jJr0r_XfhxI='
INFO:root:Encrypted Output: b'gAAAAABkGH_QIvkb-7O639XXSGdhTgkmpOZ2RdOiFN_Gijt8OZCwd9hXUemwbHfCWOEz2lNjcy2yuGiVp8faX3MONuBzM5DJMPx2BpyUdqNoa_4eQxXm8Q4E8HOinThozwpS9az9BMZzoLq6-yfI9XdVbm8qRo4tfLqm04ecn7lpjjGoeC3NZkcBlvrliF1fhXK6aK3Do3kZ'
INFO:root:Encrypted Output: b'gAAAAABkGH_Qr7oIjrfVs8gbuoYZdxd5rUy1E5gXNRcFXk0TLsVg7Nz-gDw_G0FmE2OHTlF2_s6NUVLMVOWmQ9ahkK4VWUg2-BTcqRigECiV7EWdNBhxvzELVE2Rnw2z8uSkGpgGl1q5uZaPQP4dCp5lfHhm3muFCw=='
INFO:root:Encrypted Output: b'gAAAAABkGH_QjGDa-j3GPsI-Bp_SbF4Fx0b3tDR1TpINS__PCZGUSU4zX9DQzkQi8kbdLKREo1hHo0R46F_Bv1HM4buk8ux3ftAmdWXvrjQt_yJMd2sFAHt8Q-Um6BJ_WGy032PLYZfRmKY8Rt2Nr8j8NpsxfkksyA=='
INFO:root:Encrypted Output: b'gAAAAABkGH_h64BFgOgPo-DMYP1aW61ti_ohab4gjyLa3z3MIUO4LL3N5mtUPjxdIRqkPZ2WBA-6GsefUgTFnr2x2XxasUthBDkAKYK2mGeSV0Lw3aXTz-MClujE2EpPVLTFLqr7Yo5VoypoXhsuaogTXC9YMOlBsj3LrwitWpvYoTuh7y6AQHQ='
INFO:root:Encrypted Output: b'gAAAAABkGH_h9MqxXWTAvb_fMGBiS1J6mHx6_hCTewjrQXPymyWKgHTB19TADUPrVhOK9uUYOrRBxbjlFF656h41PTD-ZijKhanLYRxseEe3e6yIlWMWQNS5mWmJRQ6dkXyYYAIFCL8n5C4GovIYpyG8b8atpRJOGf_9vlGN94BEBQ3SShUrhauHB20VNqQvnFd8nUZEpWob'
INFO:root:Encrypted Output: b'gAAAAABkGH_hDhPpo6IE8ZO4YC4GXFW_zxibBW42AOy-nvWhO8l9sUwnlM9sWRLvri-ko6kUwFgZBekgtwcIQqArsIMDq2Q4rCImFraYM_2oaodaGd0gvotT16GnmbbYdb59sg0q2vaDtBnFCXATBDk6tx1RXd-TSA=='
INFO:root:Encrypted Output: b'gAAAAABkGH_hDtKWy8hvVYd1bcASWfDvOcYmnrWaYrh9rjYDG_5lSQmIE8syLBpmsjFEcaTSseNu0Lm97CabsJV_z-tfvzjo8jw2wtdK4EoxfHWFrBe66i2Ubfhn_clkXU76B6Cq_xYAvXYjw13jnxxfXgu_yIXVwg=='
INFO:root:Encrypted Output: b'gAAAAABkGH_9OhP79T0ZURps2zFFOmk9Kxi3iRsCvvMW227MoWxSaXCwE2-MmlX5q0JDN8u9FW3Xi0JW1IrJ73089gE70WvZajcx9aqW48Sl4Qlaj2BKYvsXqiDg4DCpp6Uc9_cSMQE4kaG2lPeU0TVBtsAmr2S1Nsfu0Iwkgd9cKQT6pn26Sco='
INFO:root:Encrypted Output: b'gAAAAABkGH_9L72H_x3-1Mwtw0rzCgz4_Xqi3ypbHSqy5xLGmbtIpRCtDq4tKKxg_e8KaXAon7hZGbXiyhOR2KNyHIw7Ayoe0pRLUx4djyaq7fAi1lGuLCARScGkJna1BPor6uO3C3Zk0CQZsXaoIi5bNC9XoXWg5pCcHL1ZIyIkKSr0j1xpKc7XOJo4PBcHhcU4pj_I0QV3'
INFO:root:Encrypted Output: b'gAAAAABkGH_9mibB0nO9FKOh0KUqicGzXymlbNOXDv1acSS0r5PbDbCsHibOkxpt6iSUBEbfya5iar5tSlSrbLW83Su62iou36Jej94mBYTx6ve8EMiHk9FXvkXwDMULPm_EPUyQesuJnTGlKgzQIFo0VJV5yVl-bw=='
INFO:root:Encrypted Output: b'gAAAAABkGH_9v25uufw1eVUbeM-jUJMpMUgVQ3YBz2mfcm3KVNYlkj-E2UlbclkziSBBTapVvnEUPzgTnzShOWeOVBfSOi1GB1PtUf0iHuuBjDnjeLRbbmbnPKaE22xSjNX0czh5e99ZaG9X2wu_ZF4_W7uHvNIQfA=='
INFO:root:Encrypted Output: b'gAAAAABkGIATdysYCgVDJf1_87jXNmI1Vd4IeEcL4WMZtP03QaixiBhtSc6MWyyfZ57F_vZBo9tUXbIKADba8LfoD3qXe545JHbqhZjF0rXICDBZkFf2PM39uWD9dFOgjIyWNZDG1ChQnxdltPRLMnKU83SXj-i0asmEh0R6MYH4w4eQpgLRyz8='
INFO:root:Encrypted Output: b'gAAAAABkGIATVVXZK69gnU4f8N2Fue_WfLRqwuAYvLOdAZymm0PSuxf-O72jJHpo6XCMyIHnF_XbffCRiWyT7Qi00AlReRf-BLdICFO-phcmdzQ5HJFBWwFbx5V3WcvgE0qRBPOlxK9T7y1BQBUvJWe-omRT4QD0YLkiJ75NqiJPz5WSqLu0AYG3j57c9CDxf6csI7-b5cvJ'
INFO:root:Encrypted Output: b'gAAAAABkGIATcsO1aSzErOM9L_w837dN572gPlGGt05fQ5E45qYpeeByoTyk5QNqRsWBGriUjIn_-Odz5IqcuN1fpX-sASuqHFNvGl55nSAPOOf9KFKHp6o028PPEAKb6Z2tjgRQiEoevdWU579cd9cOygNjTMNtsg=='
INFO:root:Encrypted Output: b'gAAAAABkGIATR-QCCKj5bgr1SOz6fXHX2SlHPNbWrGWlVwoQ_6mWoXSzD6FbJ6qglqrFpmFB0a5LFrb2kopayt5bvXX83p_dAi6AGFUaHtC3ff3y3YaGZDsV0JiQbymqPnDfcSboDPItUlLjxYG-jOrfAhlzNWgfGQ=='
INFO:root:Encrypted Output: b'gAAAAABkGIBjYOjDFdLAfpboLssuKPkCARMoOlBc7yj0SgFOja4EfbSm1cwJZOam7qQMKxLb1wLxcJjxl4KF3rkShMAHunhsUTOADwlb2-5P0fdzQogdSOphU4Q2NGKsXgx_lLoseVOgvfz_j3qvJFVA3KDGQ0FxdKZPEebTQN13MiLEPxD0Tew='
INFO:root:Encrypted Output: b'gAAAAABkGICZw9qwZyAN5OnlvwiMc137FRy5Knf5yrqwMoXraVxHi2CyMwLinaF5pH1QjK4ZUf3aQUD-J7hMrLk595ktHbbq8ujDmAz9Lvj3cZzOUc-sD25JVPp-G2y5mjJJZHeDk1EvJRithzOooS8pCJKlVeNWSw=='
INFO:root:Encrypted Output: b'gAAAAABkGICZkdGVHaQejGSTT7VjLlIeR-PrDIQQUVP37HvJlBEGUT2uJGDGlHv1ymkkXZ9wZgK0g0qjLprz9cRbaUXlCxOfgV1kN2v4pNbyn8dfYJohF44xea2VTuXwFCLDH_7aSE4NNjvsVm408A0l6cGPzjut7fasWbW4EG6OqY6g7k5lNNE='
INFO:root:Encrypted Output: b'gAAAAABkGICZV7v1tjD6OUPUA6voGFGuV-wmJIxS2oPZzNvt8NBnkDvl63CTLOt1iGKfIsJTiGYtjI8_Q452Vm9r2IOv7Ru2aGtVgv6ThDx8-NivPvQ9K2FWicQiXXDCYqAzGbXFxljOve2_GYND75z98u353iQr7w=='
INFO:root:Encrypted Output: b'gAAAAABkGICZusEGh5Z0yVTDAZapWk4wqtrfKzAopUGkJx2-uw4I0ymDLCnPuwQVpsAQc0vHjEaUrPQoXmkVoHin1BxDWzlxU2Zd-WadNAoqTmelLePkBSZtOVe5yA2EfTAPBq5zr16mhCRGctWTCbNgl-HxevF3bURJk42eC6mkTuThGzScOks='
INFO:root:Encrypted Output: b'gAAAAABkGIDtZxQNHUI-I2p-RDYEBSxvAzOb0kn3WHyUVaIS5ELqGYX8_of_ERajhkirkhkEOq-YL5gNhkMV63ZcMmTCs1AGEPwyuaDbmCIxZ-4sxxlYwnaBL6cq2G7hu_51YCfO2nngck6w9or1KTqUj80eObccWuOg1ugj2FrG7gGCCm8Qauw='
INFO:root:Encrypted Output: b'gAAAAABkGIDtGYcnzM2EEH_P4_x4mc5WjPr1KORuWvmPJ9s3A-4IgnKf3PvbPZrCkewx130VwgohdhXMO99z71BMTKCLustbTSaq9IVr9DYQ61PNGiNA6-jD6_mUDupL5BYb3i1DpHmmpap_xrlDS6q_5zbL2A8DTw=='
INFO:root:Encrypted Output: b'gAAAAABkGIDt5XsQqNWnYUGl8PEqxFWfuF7OXvlLSEwUkQKwIjUVnzn2SaWSb3Vl2HKwqrS_VP0GUae7LfPTPxHgG1Ct_ihzgzkRVsccz46NOtBotcAA3A1qnNxACOAR4n_bcNe6dmi9B08IInWhgvFxUEyrRwjAVlyK-LMw1ysjLmwovalATVU='
INFO:root:Encrypted Output: b'gAAAAABkGIDteK157dKyxTnwVufvTT8JnewN4KRcB1lnP6fBzqmOPB6CZPSwKxxdTux_GnkISU2quUU_PQKmjS9v6ET49Dj_Az7heYHuAj-HKS2R503_F1zM6Jc9MgpqyNrOLfLU3eRv3vXOLQruVox74aweApAxAQ=='
INFO:root:Encrypted Output: b'gAAAAABkGIDt72EP4RIyOVyfgQAis_jICi6-SFLieGXNzyTGg42M9KzM4KyUv7mOQqVLd6vUl0Gw48WV9cQux1PowxCsLDbra0wM-KmnbqdY5nOFaY_1XK65C_0TbfZHgWVehsoGq4ev075FED7WjmRHaQ3ZFsmLwgOLZx-UoU3yDMqCCM1Xbu0='
INFO:root:Encrypted Output: b'gAAAAABkGIDtdi36DCJ9m5XqMle-NmmAQinPj7LtUbjZnoNnEQcWglxJ0pGk1FA8bP4FRGRq0o7_8JFFgEntXNymEXehtwGeunSqb4XYb_9wdSXgrqGl5llfm5xWmUv4xoAqDFV4HiGsK5b6lg8cx69fbkeaq_DEHg=='
INFO:root:Encrypted Output: b'gAAAAABkGIDtzgw-si9CcHlTE3Okhi_nMNl5FGEupw9BXsQDstVfJuiwh9yWHP5WNJVzvDPVT2_8VIrghl30JsL-qMeXLrV_Y2HolHzclrnTi_QoG3DYs5WmlCt-PU05YsaEhgghVhu7hw4z_IYe7TM2XSyVbO839digHZjjF1paoJ7n3RzlkiQ='
INFO:root:Encrypted Output: b'gAAAAABkGIFYFm00FO-ddF4LJe819VQ1V1TNgbo7AX3b0ryu7BtZryflwDP3r_vNB149KVIrKvoHcehfZ7rUDNF0CY60Gi6lycOJywN1-qnMeb9ogbHZ6HYLOLKi1knl5Zj8WIhe1tJq10hjjr7wPKZMmYXWuBCHnK2WJg0luCSz42iWNt1OLOU='
INFO:root:Encrypted Output: b'gAAAAABkGIFYVLmFx3OhJGHovNV9tZXKLEWOM4va28uXUg5YjVKSFJLGEVKjyLv9CnVWoDXNN87eaZDay-_5dlQKbeeLsPBDw8ioYSIBQ_FgGoOLKdEOIcat237dmHzGwefJG3-mK73LQ4oSsfS3mGTYyzXQII5_CsCvJsdKV2TgCRtiAAbyUjo='
ERROR:Comm:No such comm target registered: jupyter.widget.control
WARNING:Comm:No such comm: 209976ef-2cc5-4c01-9635-6f17f43a87e7
ERROR:Comm:No such comm target registered: jupyter.widget.control
WARNING:Comm:No such comm: 7fa7f5c1-c485-44a1-888c-b4a120c3d2e0
INFO:root:Encrypted Output: b'gAAAAABkGIKpWlSj09xYuiI0OuEkXNMSpfidO4z0i-uCJ_WD2ogJW6-Gg_4Fh0dFKgIGBoWlHMk497_H35L3B5krQ2GuY6SEKIxMtr8ymbwnkNJ02FLQpiSNYX6KrJ-wqK6y2bWePOBOPoX_NMi41z5ctZZiSx7FfA=='
INFO:root:Encrypted Output: b'gAAAAABkGIKpqVIVCVh5eRCXQMnn2eepYniZ7WivBDKu4wqhXY8VCYiMruR9tTQ_k3CuNyk3zX9af7yhm62l0YOu_k2dhpiD6PXvHSfoME3YIAp23TEFK4Bo5V4YHOobFnxgWVdVcKTdfAehAG7qHJfCeDJksOQCeNo87wKUdFmXU2ZSZ8amcg0='
INFO:root:Encrypted Output: b'gAAAAABkGIKp4-4SzNGkrAK5fyWw2lb-Rc_VS1ZPmM8ZyV8B7CmPQELgY7k2lrnJeV8wJdVNhXSWMMR8csOXTbUibWetH86Jfe_g1320eEE89qtLcHQRgRtziTu-ifMiSakQCyXZm4W5qy8QWtKsytmiepZ00e-jBg=='
INFO:root:Encrypted Output: b'gAAAAABkGIKp2-c0f0BFkvFQ4H9wtQdf4btDY6OzWF2iLooelVLGS-SChW1g4VLyhiMylp6SuoFfLymBWjJ5ZzWFXr0e9S8pgc13n66Hjb9hwyA0OJufO98Ps0Jzhl2teo89IIohsKPy5a4dXrOdOHJcsPypHogOoPgARGIku2_HK-rngV2cgRo='
INFO:root:Encrypted Output: b'gAAAAABkGIKpKGyBvOjaqZfIrawrd9e6G9NJp5lbmWo8jHIKU_nUDIOmYrtxTB2VdhJvQhG__shN2iCtDNT3tvOhGqBPHDKM920leLu0_gtzHRsFk43bODRDgnQHo9It6-T92GB4zwaME54PH9JHHTL1NyVM6czPPBl-GUM47_TzfngkqPcM8vklJDR8h5dGGOa4Jo-3-H1DXXjYTYw3hvUhj5cLo33LjlzMeKWO8oQAhdbgKAyqA9eNUfnB53ktZZNa8hI4LPRJ'
INFO:root:Encrypted Output: b'gAAAAABkGIKzh-KNZfn_sxlKi1_Va7ePLUy85zK-NvFCLwMWqDhnUQ3n4OzfnrEANWHN1IhPKAnjvqevIB-5lLY34SHUUSyh7E16kjml9v2l5pMK9WfuWeI3OjtAaDrURUy8fjbDl_KVkRBp_2gvpnzyJOAamsh4Eg=='
INFO:root:Encrypted Output: b'gAAAAABkGIKzV-izLFrqaGD7Z7b3IrieH5HATB-x3LMD2e4Ja5sShnTk6Bz3qMeGXRR0Tnmxcb_Smj30Kn6qFTF83Yrtwd0IiaHJLBYnvudR1CjcCd8iU-bOUwg6G0LY1nff9IYKiujDadQbqkwI12yEbdNdCIMuveYJKMCnw89EymQ7KQAPT9M='
INFO:root:Encrypted Output: b'gAAAAABkGIKznPdHf9utfYwW9cA3Dy-CO8PQvKcfY7R-FnAAw9U4K9KYGYYkia8RQuLQzpxjOazYX0wdo_ORW05ApjNu6Qhc-sCk9PUh4bIpFNBEZNbFE60JjjhYHrJonQ-IWopBo9_ex4BObXpURGjjrKP2lING5Q=='
INFO:root:Encrypted Output: b'gAAAAABkGIKzjWge3hbdyAKglvfs-pnCHjC9qfW9dfum7yqb2jN9KV9igTap53WhCjPMZO3LEltwNQ25HkE_YPBXyLrqbfQYDxHdu8ei9BD8KTUt6CKhHjPexrn769eXuZzXRNZGL7uk5zdsmaNkEMJtH9UBwyjH9r6f1a9ABUyRJzB59uoppVk='
INFO:root:Encrypted Output: b'gAAAAABkGIKzgm-qOVZPcHPUIZZBllX7vzvVjl-xnOkYzTYoxSpVZD3yjRZgfrT0BGsXjXhW22oY8vU16wJ7jsdtXNSWqIwejkRNfqneh-LoMro44LU5op3K41ARxH8DKNzbQSMoV8no2UsvVNVrfVBeVG6spCijXfaDmiTAJ1MI_xESsn1mF6ev0GsNd6l_35qXAN-2-x-f8l8fTn-735giu4kZOMtO0ZefbnUL1CLMMg_JoM5agLt2hylXAc3iFdZ9kTl_bmAd'
INFO:root:Encrypted Output: b'gAAAAABkGIMyYlU-CyUn2AOBUo-I3q5fUCEuACTWZxeIsvlpcfr-SA5W6CB20LNskB7-DXf0S6h9zb3czHqLOnNhtzWYACD8rYoXN_ioy4V9yOnmBAlIgVHIEQAtASdKE-Aq6ud8jP78i7YmOwIplAjoGz39cu9wGWzBG771jqKgmAmuShgJEv4='
INFO:root:Encrypted Output: b'gAAAAABkGIMyt9EszsjLwlXBhoZKr9TdaHO-2irBAuu7wzJkCm12ZpTij9KEaRNwNEGNSi9ZooDclkAriuKiGONdO1-ysmtsm9rpJpJ-cACpdTKahQSiQshPLd-yzAjG0n_WRCQOhhDzsmNiCJ2C0DDanalkW7aXUPhuyBLdPnBom6rqFVhB1HbNErpy98-RpqZwKPnit5r-'
INFO:root:Encrypted Output: b'gAAAAABkGIMyVs7txxAIZr-Y7x5MvR_LftmZH5P8DJoV7a88jU_eY6MP2vnH05TMBIFhPbQasW0OiHeEaacYRbIg9gCboMBtEKa4R1_Yc-T1BpHL0RTfH4cRbgZvmqWSZH-KruHojfmVhWF-QdYIke8mTHl3EFe-IA=='
INFO:root:Encrypted Output: b'gAAAAABkGIMyYvndZHJZLpCfHOkatPDxjDKRsiCveS2CfhnNbolq2oBXmsDaYPOeOdSTbg60vjElXnWXMCTEubmp50xbxwe0dVKpqJRFbk1vJ3PVirYJmv3lsZoASE8XpNXkFABQjWmxFYQR_rS1ZDROIyE9DCIAqQ=='
INFO:root:Encrypted Output: b'gAAAAABkGIM-t2tnAy3-zfv7sVf_F0EW7PvKMjbIenjUd6w69-dSpMt4p5f-YSipYYYfOglaVZNsxX7jeRmdhCdZ6BvJd-dC6TTJ3UoTp4Tnmv-zmKCr2N4X4mKyYDCSPB_Y8vk5vsfCn0cTprh_kKMwthRRhpN2Bi9XrclLu85hLAY3IIFD410='
INFO:root:Encrypted Output: b'gAAAAABkGIM-7A5mmUe9EJ4aLvU34m8NjeteyJqWH5rb98K5s_7VGO7SWcFUj9Lxxxy55f7HjPsO9ltHdGioRap9t3CHBSVjcAExdAJ46hbLA9BdsZkizb6w6M9O_O4HwbtSsooLrg9vTuARaPCBIWL69fk4-ahuJT0iUVqX0-0Z1Ckaui6TpF0TGv80WFxXxBcnyuiCVRHC'
INFO:root:Encrypted Output: b'gAAAAABkGIM-Ta0H_j42cyFL25lScibwRirnFm-J6DVfKiuKeINw_s0shmp908D4kQ8Z0XE670pxkjkGSaKEbKl80HIECaxsRiofGxGP1JR317_AHsb3LYgf7TJbb6exCZ2ZvvSBaxX_gPDgw5p2SVhuMfVkHp__Ew=='
INFO:root:Encrypted Output: b'gAAAAABkGIM-s4u2L9U3LNqw-BaWALb6ANiTRDBkKeT3W8eVqcCUb0ItFTgfKilXvyPHQoaRkR05EyrytMfgqOFfQV5Wy7uqrVlI3X3sAVGxrzf0B-zYqY21bjxChRbsj9neEIKA-jcJKstACupVhnFC28A3xkx0Jg=='
INFO:root:Encrypted Output: b'gAAAAABkGIN7LMQcP6DwYd5-bhbJrP25NoS2HPonXSlv_bslw1_fnEXhi7rwYabJT8t3DfM-E-m5837Wr0YKwWzj-PqyUS3IkdFNMpWZ1T7G_IiO_gqfx5YHc7_mua8a8a-F4Upb1DJ7Mm9uRsYm3Dya8k-KrvsqFG_NK5M95p4GHasiznD70jk='
INFO:root:Encrypted Output: b'gAAAAABkGIN7FbnHGIWNR4EJsRtB-lMNi84AadamIeY-UqRC1-wEmnLJcyMk0tnVqgDbdzCYEyKzxEXZw3oawDvVeBT0uvkxcVgxL5sKoOX8Am0AyrIvPXDJvT3znAV9YqF4yyJRxyLarV1p2sPciTkUHZv507dQgQ=='
INFO:root:Encrypted Output: b'gAAAAABkGIN7ab8KlpnpMudO3GJGSFCi_997iTZwTL04vgyLv-b0SFBGJXS8XdrMtbS0MkPG5DkpZAO_fSaSfCTzhRFHtBuSwc-9KPqkjCpjW7yc9p6BXgworyxRr2QgEIvsgu8ksx3qV8hQAkH6U0rOcSx3XK025dksm1xgjmCEi1l4X1IRWqE='
INFO:root:Encrypted Output: b'gAAAAABkGIN7n6SG_-xiZJReYooAhuo_WIIqw-SGQJ1nPPrZy1Y0QUTlaPa-8IFCEfV7EHNxSYhcUOslGKJtMl7ZfdtF3VuS6VH7X5zkU8UXBeD97SKVUH_Oy4BPEWtBzN8Hsf7V5GvcQDtSIyA1fFgZ7hDDTWrS4MdJaWPUM7Z_k_PIxUhf4YQ='
INFO:root:Encrypted Output: b'gAAAAABkGIN71fG8Q08yx_HF7-eAtv89TsxJI6lHz03Kx1Rulvz1_SGXKDHUvy_HECODB2WcU3j7okip1yvFrqEi8j1VAxVumlp6SKqJBoJ2e9SC9J0eQMNgg5JC3Y0zJkboPvQtSzs8ejEx31ZVXoQwl3d6KYxTLQrWm8JCUIbP5yHTDmAA_7rQzK1M0hz7OK0P4Avjnz2etzVz30ORjxNxRSoZ0otflg=='
INFO:root:Encrypted Output: b'gAAAAABkGIOJcCCd0dh13yO0Q1t7JDds9NaXZgWOUWaNAEBTo5wBOMUiLKJJ-N-GGqHj0R1DF0t_mKZ6wUMrLUgH4R6bLNAhli_8tWD2XLkuQnxeiBJm5UHVIyje7m0yHX6MQpvsjkWYf5x790OK8lRahJ9P4vhgbiimk47ILu0fpK7LRg0dEB4='
INFO:root:Encrypted Output: b'gAAAAABkGIOJ9Rq3GOaWBVsnkndt1iaHwQKzU4W2xNt_cttts5r0DL2kcsBZVJQCsVMZoZRPPEFmq2833N3s7ewKTEpoUwvO0UmppnrTV-BhXbUE5hFB6-ZRhDuMuWDxtjLRtbG4RA6gyGqM6WNTEJ58iDx5W9lIFw=='
INFO:root:Encrypted Output: b'gAAAAABkGIOJgCIfAqmWeWNN9WePaXb0wo9lHexNPpeuzRJljsKjoVgtq2HD8q5PZaoCpz3luv4tX7jR7U8Gn3_Kzc23lldd-sqXREwa4aW8Njx6sClu82Gf5elRsrvTjCcLuD5u9Yi4X4yAL3kO-nf5j_ZnbqkzHctynOVvQm7hDgE2HR5ZzRg='
INFO:root:Encrypted Output: b'gAAAAABkGIOJPM-5MmIv_bkFFTtz0JHZqlN8qyqQ5y86R6NbT4imPbMDYA2v5GLoEuvX-wmPGD4dodqJXRDTx33yo19PE6R98NPkoZXtPnZdlNlU87WTHgnQS3Qy5kRtAxbbhp3LM-WXc_Rfx8DVgVyrwrxGow0bEdrTZaPZSyIjujffcHUNAB8='
INFO:root:Encrypted Output: b'gAAAAABkGIOJXTxltVCC2YULyehZVO2NMwSA2gPQPC2dJdI38dN3yfrJDsO6BuQ6ZHjfDXwRRFmVCj2mkBF-gwBWL8Bgih3h7y9Vv6ECGZubySqoQNNXCRTCLuEwSo8aAzZwTP3s2g-mZhrk2W2TNMTT49sBlwbtDXODuOE_ZNKCHFA5DnsZfwPrlHemKIb61_q764fkLIMRUG3IX2rgpQorUmbLHQ4x2A=='
INFO:root:Encrypted Output: b'gAAAAABkGIOJMKTd14bjam_tdUPMAwJDX2ljUsd5Fz8UfyofoPxmZbRC7hVyzxA3ug-gDF-6JPUe8GFSjWVJEBXs0xdNFsu3DZsIQwB-5st-QYxUk2v3pvY9kdTozll34VQXiHm_SWQ4CAG9EtMbjaWakm8mndItiv_fy_coagZxP-D6qDQYiGw='
INFO:root:Encrypted Output: b'gAAAAABkGIOJuNooeIabs8RvIcF_-qtlDo0cWdJ-9Q07oWBiVdpWDKOCuHbbAzFZLquuB8e6bgYK57PPlDttGEebZPPN01ca4EcVRYr9LmonF35SFzA9BPdsbPT4bdrJNPEEN4PBHbmWeAnOJppjzAga-_Po4LGyiLmmPDdh5quYZ80q19yU9DI='
ERROR:Comm:No such comm target registered: jupyter.widget.control
WARNING:Comm:No such comm: 0099a083-2298-4336-8d45-69f7be5319b2
ERROR:Comm:No such comm target registered: jupyter.widget.control
WARNING:Comm:No such comm: 847d77c3-85df-4da6-9839-25f20153d26e
INFO:root:Encrypted Output: b'gAAAAABkGIR6V-7sR2AEmVbJ5PX39l3c-Fxx57qU4YuzcTMMbRHdZxSRwqFOCwqj0x4N_8uCgpAF-ybjptJxYOWWn9CZMS6CrDUqNxv1Pn0vzwfMXyTLGXrtzaX3HoNoHytTw5NBU-Lg317kgvk3ZagsCM4edhHj3A=='
INFO:root:Encrypted Output: b'gAAAAABkGIR61h3yFFXEqGyoc3xmU4kUApiz5PsYmnouvEarclB0M9F4FU26CLKGIRjQOTy82PKPqYTA1hgifSxkda6MOqHFuy6mo-yPywLCHCaZ2WYD3fv-IGfl6L9aYqG-epe_htEuP_4h4OhZd9UjapjBGzZeCpUUQw0lJiyBsvP0-ULK5CI='
INFO:root:Encrypted Output: b'gAAAAABkGIR6UImqWSTE8Vk5Wg6yWPkYfQeqRsvjiHKPZxASo3vGmfKRqqxpOXFmqKoJB2pxz0TO5AbvfSkV23HoBNSJUGcUjkq0qcJvbggMyxq2ic1Hki5OyLfJap8gk-Wq7fi4khhz7ZCD6_ZAeKYOwaU2-STHqQ=='
INFO:root:Encrypted Output: b'gAAAAABkGIR6ITMll28h5lFRfIBLpCnQ-M8luELX5PCYGmfAzp2pbiAOB0LY5UulytK6SgD7u_dsiD7Bw-eIQBIEBFZSD0zvLjw6gm4YLjgLCChzcVUpYpF2mlCABWHfKhCipwvv72IFSvPopI33Vj8uwSMnIUdjwWiCOHpUarkdFJD-jLVoP-o='
INFO:root:Encrypted Output: b'gAAAAABkGIR643XzhAS01qOTOZ7F1xOcbd2ZunkMSRfzkS5zw9wda7GiUuoiSzvwaHEpntyKO_ikJxSy7J3e7aySspAii9UngGNH3AUkzMSpgck_MPkJIPfUTe7KFy54g6vZelASFhZFSwHz0EASdPBF69IITSI4-J4vCvSunV9-Jk7HlOFOXVM='
INFO:root:Encrypted Output: b'gAAAAABkGIR6fRMfZtCWHedxFzlLyZn5s-nzZgzaK1OVW4rQjmMiYq3nGQSbmDUvGruoFnKFRQOuGhC2_im8oLDG4LMZTeW1hWm4UD4zi73ia-aj3Jz7yquc23TOgFvMkEjJnSa4KwlsTsm-6UHPQ7A4uC_DenPNAGCnGYDi4Cet-cslwap5oIQ='
INFO:root:Encrypted Output: b'gAAAAABkGIR6eZEWYIgiGxza0bsCFHVL0J1S7NTpvsnfj0AY50VPFoXq3tl5v6kv6Wr80-XAHkr5_Nw9tkEXrMOaURqQ884fAGQPzGQmKMOzmC1x4mfWXB1cYgJhLvRoJ3JHQtyb8trEqTwIspcIGxJz7xasYSzBRnQXlHxA1nfl9IqK_hLgkQYdw9WeK54ufM0rq0iEJFxw'
ERROR:Comm:No such comm target registered: jupyter.widget.control
WARNING:Comm:No such comm: 4c71b1cd-02ea-4ce3-9cee-73ce31ede130
ERROR:Comm:No such comm target registered: jupyter.widget.control
WARNING:Comm:No such comm: d4a2d0ea-84bd-4c50-aaac-0034a73b12c0
INFO:root:Encrypted Output: b'gAAAAABkGIa-LfsZyqUIgVmBrQWOHssT4DGdQskyq1J_UlAjse0EsElv6R_vCdRoG-u4s0GTwUc2lBR2pgAQlHAbwbweIiTJ5Dfqijt99DuO1fJXpcLvN9rLX1o8itF6a_66oXijB_iJFY01q5AhuSiBZ3s0hY-jeNyGhWXSgBUCAqX1jrKPF4o='
INFO:root:Encrypted Output: b'gAAAAABkGIa-zml3y9UG6WmKuc-Vl_ATL_xNLFLw68eI3DUyD_X-VVGymtKQCkw59Cy_PFvs6aigiI7UWJlGN5HyD3TlTWp-n6yZmHjFvc4ZvB9k79Xsno8aFkkTn1mE633sTmyLnGnAv_KxXJ5LLnCSW495j920j-s7hDEzYWKyazriyZT_yg4='
INFO:root:Encrypted Output: b'gAAAAABkGIbcOxx33vPW5ivgD0l5aK7qrkxM8GR8s5xGhu6M3ONZFBlsDaPkCiVDUgXKZbDM171Odp7nejdC_EW_VnAB6LdELKFXMp-ZysclMNNYO5ZmQAA_EGEt0JQzcHiuvGoXutaJx2xIDDRGQnKwLz-gVQ7m1N5LSxdmtBeSirnC4Bxtb18='
INFO:root:Encrypted Output: b'gAAAAABkGIbcIW3epYIgMhQJFySbcWgEGc-4itOMvUOZSYVHvISLQzrnlHMSVlXcX0PwczjUpcso4cNtACSCa1t50k6zRfEAfLTkY1G4437Swn9O6u0fveS2K1ohky9iq85PX0llawMtFuGYMOkNKEpccXoYuEjncv2OAB3BO3YJwpBGXF3P0t0='
INFO:root:Encrypted Output: b'gAAAAABkGIbcVJFfVbEI9u8G2O0JH_HbOBNja-ZeJI8C0NnLnQ2zR7hFffkrXw5rN4Qs2FlMORWM4xJKP1spd2-cr40opCqm612zDjzWTmqDkKMoujpWQOmctnqfXR--2za97peLbsr94FYOKBdh5Fo8RdSqR65QQke91jyVQQ8fX3v-fIq3cSk='
INFO:root:Encrypted Output: b'gAAAAABkGIbcZ7Kx9tc8pFAmcmCs8O6F2Btp8SLCaFQ4PyhHIgU75besT8BRKa_XWNAyKLyImUErvdU_d79ShUu-PIf0Z4KLMjWDtRL9Mlh6QxsFE8ItlrQn4BQEZCXgmT9qJJirXBuR2lGzA9KCu0ij1f_SzyBi3Q=='
INFO:root:Encrypted Output: b'gAAAAABkGIbci1j9Rp-CyPxEpZ-JNQ0r8zB3NR1AsnSX_ap0bmLAVqcV4n4b4uWWS6u97nYXx4bCZg5ynijwJlOQZDzR8Uri9LRZf_xaCK-0aTe2nzuSfwcyMA2lIVmQTB6j5toXweOFOmKs2q4YIiqJqf626bPLBw=='
INFO:root:Encrypted Output: b'gAAAAABkGIb8NEXEAv-65wOHaqxDTr4LeSE4R3dJZpgy2XFxMvZsOlirWMILTyx5baGAl_U_FVV4IuzgGYHxs5L2D94QbCz3UH7vc90a2GEL-flEam-1V8xCHR8dHm-n3tkLpqCsNj4G8ByM4W8BzAZItxzz2O5Sm8upHL6VaDPbaGg-JJEZ138='
INFO:root:Encrypted Output: b'gAAAAABkGIb8YAT7nXZsETz9J6da54G5T9Wtm2DAC6qLXGaVrg78bOWpN-bGFVG_7IGCtTZuZyj4kvHMVCx7KTdjgjzkb5yc0h_XISjigdp5WYYUm1cVjFL7VJwIbEzNARnscwYHrlekeXA9VpRV_6HojEWHsK5TdZANSEEVy90X26WbkJ9x9qE='
INFO:root:Encrypted Output: b'gAAAAABkGIb8s-zsTzasRmBgDe3RSIYJmnl5m4d9PAvcRQe2ZJwvHOMLqcZXY2bkniDVWORn3p4IvqNnfok-aYq-TnJsFCJ6XXtWMXd1c5g2E2MJo2pnT0l6s73m-y6OXS9bz4aU4Z9Key5d2nrayYB9mmhWopBqI1tYC11aOA7Hpao4E-XJmVM='
INFO:root:Encrypted Output: b'gAAAAABkGIb8Y3q7TWPGoz8uLgoBIfWcgQCbEtxyIfKtRguInnP6849iKr65A-p0YcrnDUi_DXfBluhmEvquhTutXISP8idjjmhdemQRlEKPglxOpUm5IrME80Mnl6gdM20s0MRtDGNVTijoU6qogMUws8VDVv4fjw=='
INFO:root:Encrypted Output: b'gAAAAABkGIb8DMBynfP0oFpI046ffcBR-Pz04BBeR7uHCMa7qAEAT7T6aaMwDtx_wRFT4D7CnIwv0xXey-fmxhBSsXJ3LY9OUew25gG5XvrP9Xz2Z6HJoa6wRFmuW5JIH7BPBQyTdhzfNjPM8XljOyCbWLzikEyH4w=='
INFO:root:Encrypted Output: b'gAAAAABkGIb8OVPYPJs6rfXbiknDcgUavmj5FU7DKkisWTVyGK3kpq6SmMF02jB_6O0TdwFlVjzVzlxRK3C4Wgm4uBaHwzI88frnl4arykUO4b9PLPe8m2c6HCqbeR44vn2JB3yQg03ZQq_QuxwU0cyMHOdBfPrDVg1fVF50hBVvqORFjAVuI9-84eEBDxl0h48YbfdUphhomjhkWvw8evu-IXlbSpwu5g=='
INFO:root:Encrypted Output: b'gAAAAABkGIb8UsuiUgXeOPbopgEND6D3-Bov4VSAPvJMQhzXOWBv8hAnSIZjcVBq_mG_a9mtOn6Sm9Cn8c8p0c9hegKA04GfTckvMhSmFHs3XJppvB63kLW83qk59N6FSOKn1h9Zs3MkfLWZSiFNZz-nX5Tf9OrleikzyW1LV44WaxlBd1HaV4Mw7It1uinADSrxJARP6KuoPfEZDKpoucZiMiVEwcmVcw=='
ERROR:Comm:No such comm target registered: jupyter.widget.control
WARNING:Comm:No such comm: 58c34798-aa34-4b8b-b769-ea229c864a2b
INFO:root:Encrypted Output: b'gAAAAABkGIdEcI4YKGHziAGNraNCZGimnxnpx5TJ24Fpw0Lwyp0Jz4b0re-N5yQ_o65AJuPWiOxsqyMTNLnj9bAB8a46tefMScRsv4zjWfk_CsKTftzMDEINUNVGS2lfCXztTbREtJQnKvyq52fWiVyQJIYJFh57dBtBkfpzmBpjU5p3khQdYTs='
INFO:root:Encrypted Output: b'gAAAAABkGIdEPpZFT2ggYB6jrd4AmbAI1p907PnFbtCF-3hyOg2ahwOZYU74MBPek_7d6mQuALyiGbHPZUgAt24Mpx9Cq7743Y_l8IeZJ1w-K55RcuoerEKSMei_fXzzDSttbmOclFg9gGlitPNHsw8gGKlI1vpXC_EQQXGntdS8nLBuYuuPFJo='
INFO:root:Encrypted Output: b'gAAAAABkGIdEis8jA2QSMMIBHoUFWJ4XoqSkFSW1pHCkNgDeTGcjE10QIn9LI63VrRqqeyNvxoWBy6sWFY1d9S4ejoOmib8ABOrf39wTiiD1CMnaROvhjXs837FgBXfhM2veWZjaxqh1eYDCC18aaObyafeY3l1Z9YoaSr-AR8jxCkIT26fOe_xXgkQErhD6d8WryAS65F8d'
INFO:root:Encrypted Output: b'gAAAAABkGIdEWqt6DqYQ6w5YNeqw26dS4VnjKn9zizvp24rDR8Xlw4NWwZva2sy8fzx0KqnQUHr4t6ClaFvS2nnLyan3NBXoDqUd4gbGRMvYGEhfuHqJ2tfxwpTOLVk0OhxgXukXlN3f8MbDXPRfkcBXIzaPA8HpDw=='
INFO:root:Encrypted Output: b'gAAAAABkGIdEK9p2zRWd7bweGcHmyM4q7f8QtDVqNBEHlkxW7oO_1C0qj5RjS492asHh1xrcrMdb6h7P3zzh_wW1L38wOojnH3H9xhZqlaRnwgzINIHlJfNLXutEerEc1Wv3AXb6ukkWm3mN3zXNLZcqaqoX4LnXYw=='
INFO:root:Encrypted Output: b'gAAAAABkGIdEIRCnfUlae8o3okQXi35Ucqv2ed4WALxlegLnK-5WrtgYLrxb_YFC7ZAkyhbSL5yjwPGRUCcMEdAV53cKirYGDQ0DHaq9axAsG7HsUUE0pfNjRRUIaOy9zRW9Q28QYHrhexTeiWQ1KtXU1AA8ToKxHA=='
INFO:root:Encrypted Output: b'gAAAAABkGIdEUyIRpBJCYJTYm5HVmPZtGmEVNlgrw_nYa2C9sCx_D73fQH22AmVfTDm2N2qHUdFVCx60I1R1oZagaeSWVNvVg9bEvnCHdVF5VvFmU2TtQN1eIrZEkuN-urJ4jaWlVD-p9zxddMMxzeLT9m5YnGX2tAqxcB_fUufMwjlKG63HDxWak1816mg57q9EdEo0P7NtWu5QZoQnUdK1yDysWCKG7w=='
INFO:root:Encrypted Output: b'gAAAAABkGIdEF7MNGMPZOdl--ba3eQsZ_Lf7mWlvIOYWmL2cboG2b-h8ttVvvSBm0DGj-x0uI7iWRLWdNJJPjKzxsbucPTedGGnbRy4WI4Ci5UvygSyP9wclaDH8J7fiXoEEbEg7QjAkrp24bTr1nQ3o_VZQcF8k4Z3PAL4bBDbtGwd3xnl40WUbHoRtcZKhlC6PSlEYaP3ppX4pcxVx-qKJWs0QjbXGHg=='
INFO:root:Encrypted Output: b'gAAAAABkGIeI6zkomGlp5aujXowlao4AzFe0wTbvrEaHe_ZEjtOB2ps5wBOLnLO3FCePTAfGRbtnzDAey8AefnsCQOui1xa1tH1dPLZCB_WNDl-17W47r7M0PAjI1s31Q0n_z--Qc0KoiYy6TK92Xyyc78cT2lcwdXJFOBakjWNGoE-hJ31hT70='
INFO:root:Encrypted Output: b'gAAAAABkGIeIOnvcRHLLJNxfMi8IP-wYKKODo7F_jdEdA8a9QTAUq5ZazSCNoG8xTpoVdi-2imxVqwpPu24TQUpMqHMm1foFIFpaiLlm9UNfWgsRBZJsjiYxj_ADcEG9wKo2go_1Kx7OgQD2R8gVSKeyGNyta5HTvXbGsePdhcFyuUKkw0tTWec='
INFO:root:Encrypted Output: b'gAAAAABkGIeIGUobcnLqRj-4Y2VhyLpSd9NVK42gIuCmrdEZ1vho4F3m8Q0R1kzXLiTbongkryN2e38j7GrdCu5flc5nkBDPaGuqSxvNp3qnWB6-oWmg5rF5WsxQ06SbKHa8b-FgRNXWS_SGwts2DFSMygebk9rEFv7TeX6tGHbXkaJDMRkK4C_u8nbj4CRQxRR76xVvErT4'
INFO:root:Encrypted Output: b'gAAAAABkGIeI-NLJk3Fqv5M5zOSQa6mWGKMNfvEjyr6fIFOgDwlKho6OhCQppL0Ox51W20HVYlmJ16urNVUxaUShCu4mZZC4dmrbErOMUvJrKQILq8aDfqhV4N4tQPGk2msVJ6GwZzRsIMxm5KRQVBHdCeJeukgviA=='
INFO:root:Encrypted Output: b'gAAAAABkGIeIIoMJPTui3UHcjQfJ3yckl3Yf7vOYXWbP8T2-C_VGkbctH72pOnCeLHudEtZwh4GGrUrs78ttwmArMOmzYBSvBzbKYQUSN29EE_6fXo0_VqKbPRzfoUsw27D6_vMB7l6GbeNkyOZlRpX7I1zy6qRptA=='
INFO:root:Encrypted Output: b'gAAAAABkGIeI3UldUZ6FMWrSjb6zT8y9VUKoNdLWpZWxzFiNefXeLxEzhZuaDI17cISp_srBp4rxkniHeHbm-6Kpz-6It7bbUg9C3hTm_2InDM0dY-I0PpkeP0Ibh24PLyaUMWCh0zfmBA7Myjw-WHWgleJV_EHbLA=='
INFO:root:Encrypted Output: b'gAAAAABkGIeIwM28FyHUluN9CfLa-GTXNoAO8tCTb71ou-9W-52hi1TJufjhraZI6FXDJs1UqAM2ksF-d90-fI-ALyocJnyp_9_SPv0e_1I1ZshNA4VIdR11I0yt3nJezrilysus8uV_-7FZKlPD49vaLjO51bicvM--tTfdynJygvPRJBdRGxUvUaXjUp7C2GKf6g_lBpwCBwWsD7Gm8SXsNO6LmdrN-A=='
INFO:root:Encrypted Output: b'gAAAAABkGIeIGFkS7VWdWMTXUTdq17SuXS_Cuay_e8ym9b_FThZ-ZObLeAL5kLu6tw4sNWXTtvt1oYyiOBPA2slbM2KQc3sKl904oVq4uNxIBJCn7E-okeeIL21PtyvK7afJnun11wiJ95DTnHyTkIAM8B5nl2N5SqCWEzw9vR4PhzNkJAINSGLgv0gJP8LOIimcoV4m0k3igjh0fXJstdQcQ3cnb5TsZQ=='
INFO:root:Encrypted Output: b'gAAAAABkGIgycHhu4HCxNayskbeYMkDFlHkjumT14NnqDcXTc1vZ2XJEDJGbLX5yjrWBDeK-miGB0PzUeLOL1I-fZwmNl7ey9GdxJf7vm3wHptkh-3i4XqvCmw7kcXxxFQtTaDEmUaDa7I3ms0SFi3g1Fyetha49IhjGa-FklMF4p-QaT-_il8w='
INFO:root:Encrypted Output: b'gAAAAABkGIgy2OYySpn8gwwlImPt1zRxUoFhbVXOw-8Z-oWb-0qtSXNveVO0Tz4ATalqbTKjUCavkofVKnI0vjTgO3-R4EYQSv5Y-Ra50MI3_IU-V7-62gRqrce79Oot_a2Ogp25hkHhiJY3kpKSzCTwH14biZcxAI6dVnGE_0gD1bvM3Npj0-I='
INFO:root:Encrypted Output: b'gAAAAABkGIgyhrIzvDiZygmQX1pEu2MAyLI05GWUTKF9mk66FjIpWM52E0hYDvflm_YL-Ae2WWuPO7FUhuhOV5_mLq97NNb10CiZJjd0xBHeoLPx5903lsz361BRT3VAD4x3L_BmgrSkfMd0TL6oq93oHUh023PwOFznoxMVG0Rj_l3PBfXew2275ltC34gREVubOkCAb2PB'
INFO:root:Encrypted Output: b'gAAAAABkGIgy2LMm0E0AqDckjX_XGILasNZK7bzn9brpYct2mddth2A1A72PB07-8jSAMt8s1ITpI-y1rYNUSJQrPKmYVvtvo-9ya1qMZqM21vwVO8RPvgZvHdyhxPMYxk8N5khBvFFtj-YBszXMmBobpDE4yg_QSw=='
INFO:root:Encrypted Output: b'gAAAAABkGIgyOWHe9A4bJKhjwq2qEKycuLmBiSZAu2msyrInzSRdS7shyQdIvC-AKTF2hfpoW8l0fhU5_nvNXTW7PSfwkdMKAJuEKO-CEyFE9_lJ60JqD5Lhdb4gvUh-SqfPLeiJ6wvWnURdLvX2shgPo3FBwXEq4w=='
INFO:root:Encrypted Output: b'gAAAAABkGIgyr6RY2VjZcCZ2qk43KjZRzajlD4SJwNXw6couNRZBzeCaBgVrn-FqTyJImTh1TTfe4yk9bi_DiCIk5I6y19tzguPQcLfyt87M2HcvYO10k84tpMPOKN6Ha1epD5nZcZ0NedlGUVuRKhSKvWQ1VvYjfA=='
INFO:root:Encrypted Output: b'gAAAAABkGIgy61BKSsUYoo31zH-z8v9uJxkZQVW-pyxCDoObIEzWOQ4Y0hURxWGr7EVGQq5YiiE_Z9cCS8wA7Fyy7NkW7_DlKJxHINGpiRSwdd87S5Uyk5wxJnGOtMt_ze6GRIygahqlzhQCBp86Xo8Jk1SLq575aUvupq0zv7Ig9zxfR8Ff-XULG2sDEbsm8Nx8tywGCQAu_Jq2YmLWx56aut825axMNg=='
INFO:root:Encrypted Output: b'gAAAAABkGIgyMTaa90VikBTZFwgC6zaG3mBjcWAxNBzufJBfwarswuVv18-CMEGJhAtzgxI-bkrt40TaYSagEYg4x93YH_6t8wRe4urLkRv0eGay6-KdP_PmhN1Z7gVRl1d0rPiOSR9eZq_UnmIiQXjwpruFqBKxmIs8zVDQSepjmHkDCPUtqDXUnQPBeGN9vDPDia6Ck_wsEXWjlldUVIUQrwULZA0YLw=='
ERROR:Comm:No such comm target registered: jupyter.widget.control
WARNING:Comm:No such comm: c6ede821-8f37-4aba-9722-d25e308f181e
INFO:root:Encrypted Output: b'gAAAAABkGIh6qErWNN5AqEJGGb2_Ng8P07xiS4L_61Oo31UCNNooks117GRYtF-v6lJYwlsgW1pjiBH4TFbRY4vbgzOnvOK9Kubd6euBXx1jVnHblwCxDVT8EeC8eMju02KBbB4e7BHmjRgFuXmAkyqa9jD-Tl1h8pVa0UHMnh0kmgiXT-1vO0I='
INFO:root:Encrypted Output: b'gAAAAABkGIh6tSY0ebSloSLzpdM_dPUQ5ClNCom8f1zMj4J5t7PgkHEuCPhTOWufSZm33c4sI9WTgy4dD7RQwr__ZUtSkNfn8Mbjv5fuWhaa3eadqQFRZL3P1DMr8pQ0VDFxq1UEpQSktvTNxJu3VgriTRrccGppPjqQ_so6oMPq7-6FwoMTG-A='
INFO:root:Encrypted Output: b'gAAAAABkGIh6JEXaqbVR60WTeMVqqPK_7k_tlEwFJIlG7_FzRE9h_teqEEBfDnLBM9HIhwmosTHbxRKheHHzmimkb98HfPXUygWudExN127Ni28xRM3T_oWXi2Id2aiR9QbPUYr4thlHJD-V2dImMkQczVLGSpAIw1qTLc7l-eZeNULv_UZdG5OZZAqz99DaN5LVHOKNhjNx'
INFO:root:Encrypted Output: b'gAAAAABkGIh6RKB8dyUUHKYsIP1OIwG_UFfcdAtoW_-usd_iTcLriUIqtzuO6WrIDuQWevOapkLYVcEE0XQD4xUqTQXjPjwHWPO-KtDDvzC957K8wQI_rUpXfTHcJohI8vx5dfnVkBd7XjDJF4-6auvs-RiDdzYw3Q=='
INFO:root:Encrypted Output: b'gAAAAABkGIh62iAyS-QP5tnoObLe5eEtHANuwrvxHZYyTfHSsly8CrMeuMcdfU8lP9tb3s5g20y-zjAaYBsot-qQqVpgQ9degq7gpBuoa1jlNStLp87lihf0OnivNo1r5hh9QKNh4_qQWcK0I7q7QdC4y43qah5J0A=='
INFO:root:Encrypted Output: b'gAAAAABkGIh65FLaJleWCjItbVCspeedp6zekME5k7MBgJpUi0p2iys0m7wMEEufjndVYghojhXwfJQjafT53Cg6xYQIBCkgOTh62a4Rp3q-Vwdr6WY-atcCJ90DdyqYs1UNHN-N09SSQ-FjG6zoqyQMQsYt1PPbOg=='
INFO:root:Encrypted Output: b'gAAAAABkGIh62v8qTtDTVR4XTUbYU-SzNKLSdwyzSFOSORZxIl_3lddjtFWiy6hDeHUmfzs_rqiR_2aUKREkgppHA9N63pHoRmrFZrsm-JJWOLzs6EQgb4EJqpBbiCqKlZrunf1pE7gSsl4rcqSHXNeR18WsxGMH2hUTh9EsJGfmBXhhplCHNZH0RrIgxl9eVQ86IfIFzz0pya59JpjDlYXM0-JPqTWuhQ=='
INFO:root:Encrypted Output: b'gAAAAABkGIh6P4fwx6FvGZkKhDMkB0mOaRU21c0cRD4ixT6WfHxAA09MxARpVl71SiWxMmb2Iytg1W88hbN7q4vyC1FYQ7wIXdwhlFoD34ylulssxGO_0YFVkiRuoz7ur5qlGmIIcf9RhUPnS2hebQSsEazSpOCy0S1A9RdUv3ESpU3Gz2gRpIYgS1CIyWo-ZFkD00gR9Gof3evDD9TmcmqUnWhi-LYvyw=='
INFO:root:Encrypted Output: b'gAAAAABkGIiYm3wjQuDkorqYqa-SoyqoiDngnMwqe2Pyw4lKoDF9FPbk6hfcuEJBJVSX5U2bI1C0cxpd0Zvm16Re1DhQ1r3hYzK9DxtasixvLgEeSc1XqiQ6cJq4xGrvS6gxBTQxp_JNYHcclB3ntWYo-4dAh-kbT60fnK1XuMJiLGax3mfgfRI='
INFO:root:Encrypted Output: b'gAAAAABkGIiYKKsinooOuCDnD6cBSEQql59sv5DPr7XmE2d9WII8BRlU-SQijs8AcAy3O_zEKBt2aHqgX5lf2yx0NJ2RQHwyyvprRfZdCg-0RF-y95wIUq42TzbzYOrODwsMe-vPEEJMV9IWLhCq_zqmszaLOXJoqFIjTUMlruSES3jpudyHrdE='
INFO:root:Encrypted Output: b'gAAAAABkGIiYInHVTN6RDniuOzuqlXcSSBQAJ6yma6EoeIVFrk1MAQZNNZu_kxBIXwF0vpgTEZMxk0bRv9FD2-SDO1EO8L8xMf0rW-kUyK4Yvq5uWMovp1yegml8Ig9V_gvihej_pXBzv7e9tC_M77AJdCkO16YfM_Bf3EehXnEGwucwW6FwXU-Gds5Gmjq5e1vMWOCX2HlC'
INFO:root:Encrypted Output: b'gAAAAABkGIiYpdlxpHbtQ0rNC-zhLrVoks987kbQVw3wd2eZUHYkfo9JQgY-4U9D7YCuPfGFOx1lvO6orp-HFnNimnMjPMugQM7Agau4_Z3MdhF8ok5RSsN_D4lO2I7aHJaX4a_JpTIuyr-wPkB4yNbZRRB8iK8qYQ=='
INFO:root:Encrypted Output: b'gAAAAABkGIiYUpcFm9Lr0lEx17RWIDBTXekq_MtL-5B0aRg79XR85nI41Kw3ns0hgLSWglt5Auc3Rbg6fHnx8qK2JtskDjm0sAY3kcgwk4-rC2hUt7UbKKEyu0B5UEnEcILdmVLsX4Ord5J2wcnNVSZq1hRwmcmPGw=='
INFO:root:Encrypted Output: b'gAAAAABkGIiYDhOYuMmqh6WWX2ymX9gpM_jPVWNCUYzm6W6m4xP9TPphoGopcD20dskO9ctiG6JDIOPcvmTBjiSQu1s6CV9GW4N2EqK4cWvF0BaQKuNe7aLdl08wR68nVtF3O-bSnzVZj18kNbOHBDWPWjHghDgmVw=='
INFO:root:Encrypted Output: b'gAAAAABkGIiYV--DBzgu9iNL9fPB8jvs49yEplAiOwoA6rJxpNUstnYnWDvcu6vrto14Xl1UTJOkn0uSTLPmjClqXLNVoHj8N_dkNyUneqZP2NdJBxo76wLH2cPhU2OOGelohAtZFSqMP1KXDX4u5FHeu5LLHlXYOOD_e4QG24boCnyuJbfPVsppAxlzP9uRv2DDQRAqI04IuQJT_-q3S5Q-Lk0M-O52tw=='
INFO:root:Encrypted Output: b'gAAAAABkGIiYM9iwPEzlEGsZbe5hYUou0QitRksVV9g32CpoLjumRfsNind3lH8GNavY03AcqyFkwrhga0_gweNJeQeY7juHP3tnxvWqqF0mYWXjWdkMZ4OGtDYjb1Ko_e5KUQZCCsjSSUl2QIECIeu9nHW5EKwj2VDvEu89vtuSxtYYs20dxuKUXMaoevm1i61xHpSFO4NsTnyvdCWbkSGIX2TUps1xYQ=='
